[2024-09-27T14:26:22.016+0200] {logging_mixin.py:190} WARNING - /home/isi/miniconda3/envs/clean_env/lib/python3.10/site-packages/sklearn/base.py:376 InconsistentVersionWarning: Trying to unpickle estimator DecisionTreeClassifier from version 1.4.2 when using version 1.5.1. This might lead to breaking code or invalid results. Use at your own risk. For more info please refer to:
https://scikit-learn.org/stable/model_persistence.html#security-maintainability-limitations
[2024-09-27T14:26:22.021+0200] {logging_mixin.py:190} WARNING - /home/isi/miniconda3/envs/clean_env/lib/python3.10/site-packages/sklearn/base.py:376 InconsistentVersionWarning: Trying to unpickle estimator RandomForestClassifier from version 1.4.2 when using version 1.5.1. This might lead to breaking code or invalid results. Use at your own risk. For more info please refer to:
https://scikit-learn.org/stable/model_persistence.html#security-maintainability-limitations
[2024-09-27T14:26:22.022+0200] {logging_mixin.py:190} WARNING - /home/isi/miniconda3/envs/clean_env/lib/python3.10/site-packages/sklearn/base.py:376 InconsistentVersionWarning: Trying to unpickle estimator LogisticRegression from version 1.4.2 when using version 1.5.1. This might lead to breaking code or invalid results. Use at your own risk. For more info please refer to:
https://scikit-learn.org/stable/model_persistence.html#security-maintainability-limitations
[2024-09-27T14:26:22.024+0200] {logging_mixin.py:190} WARNING - /home/isi/miniconda3/envs/clean_env/lib/python3.10/site-packages/sklearn/base.py:376 InconsistentVersionWarning: Trying to unpickle estimator LabelEncoder from version 1.4.2 when using version 1.5.1. This might lead to breaking code or invalid results. Use at your own risk. For more info please refer to:
https://scikit-learn.org/stable/model_persistence.html#security-maintainability-limitations
[2024-09-27T14:26:22.031+0200] {logging_mixin.py:190} WARNING - /home/isi/miniconda3/envs/clean_env/lib/python3.10/site-packages/xgboost/core.py:158 UserWarning: [14:26:22] WARNING: /croot/xgboost-split_1724073744422/work/src/collective/../data/../common/error_msg.h:80: If you are loading a serialized model (like pickle in Python, RDS in R) or
configuration generated by an older version of XGBoost, please export the model by calling
`Booster.save_model` from that version first, then load it back in current version. See:

    https://xgboost.readthedocs.io/en/stable/tutorials/saving_model.html

for more details about differences between saving model and serializing.
[2024-09-27T14:26:22.120+0200] {logging_mixin.py:190} WARNING - /home/isi/miniconda3/envs/clean_env/lib/python3.10/site-packages/sklearn/base.py:376 InconsistentVersionWarning: Trying to unpickle estimator VotingClassifier from version 1.4.2 when using version 1.5.1. This might lead to breaking code or invalid results. Use at your own risk. For more info please refer to:
https://scikit-learn.org/stable/model_persistence.html#security-maintainability-limitations
[2024-09-27T14:26:22.123+0200] {logging_mixin.py:190} WARNING - /home/isi/miniconda3/envs/clean_env/lib/python3.10/site-packages/sklearn/base.py:376 InconsistentVersionWarning: Trying to unpickle estimator PCA from version 1.4.2 when using version 1.5.1. This might lead to breaking code or invalid results. Use at your own risk. For more info please refer to:
https://scikit-learn.org/stable/model_persistence.html#security-maintainability-limitations
[2024-09-27T14:26:22.125+0200] {xcom.py:690} ERROR - Object of type VotingClassifier is not JSON serializable. If you are using pickle instead of JSON for XCom, then you need to enable pickle support for XCom in your airflow config or make sure to decorate your object with attr.
[2024-09-27T14:26:22.127+0200] {taskinstance.py:3310} ERROR - Task failed with exception
Traceback (most recent call last):
  File "/home/isi/miniconda3/envs/clean_env/lib/python3.10/site-packages/airflow/utils/json.py", line 92, in default
    return serialize(o)
  File "/home/isi/miniconda3/envs/clean_env/lib/python3.10/site-packages/airflow/serialization/serde.py", line 190, in serialize
    raise TypeError(f"cannot serialize object of type {cls}")
TypeError: cannot serialize object of type <class 'sklearn.ensemble._voting.VotingClassifier'>

During handling of the above exception, another exception occurred:

Traceback (most recent call last):
  File "/home/isi/miniconda3/envs/clean_env/lib/python3.10/site-packages/airflow/models/taskinstance.py", line 767, in _execute_task
    result = _execute_callable(context=context, **execute_callable_kwargs)
  File "/home/isi/miniconda3/envs/clean_env/lib/python3.10/site-packages/airflow/models/taskinstance.py", line 733, in _execute_callable
    return ExecutionCallableRunner(
  File "/home/isi/miniconda3/envs/clean_env/lib/python3.10/site-packages/airflow/utils/operator_helpers.py", line 252, in run
    return self.func(*args, **kwargs)
  File "/home/isi/miniconda3/envs/clean_env/lib/python3.10/site-packages/airflow/models/baseoperator.py", line 406, in wrapper
    return func(self, *args, **kwargs)
  File "/home/isi/miniconda3/envs/clean_env/lib/python3.10/site-packages/airflow/operators/python.py", line 238, in execute
    return_value = self.execute_callable()
  File "/home/isi/miniconda3/envs/clean_env/lib/python3.10/site-packages/airflow/operators/python.py", line 256, in execute_callable
    return runner.run(*self.op_args, **self.op_kwargs)
  File "/home/isi/miniconda3/envs/clean_env/lib/python3.10/site-packages/airflow/utils/operator_helpers.py", line 252, in run
    return self.func(*args, **kwargs)
  File "/home/isi/Desktop/LFB/AUG24-BMLOPS-INT-LFB/airflow/dags/predict_model_dag.py", line 51, in load_model
    ti.xcom_push(key='model', value=model)
  File "/home/isi/miniconda3/envs/clean_env/lib/python3.10/site-packages/airflow/utils/session.py", line 97, in wrapper
    return func(*args, session=session, **kwargs)
  File "/home/isi/miniconda3/envs/clean_env/lib/python3.10/site-packages/airflow/models/taskinstance.py", line 3638, in xcom_push
    XCom.set(
  File "/home/isi/miniconda3/envs/clean_env/lib/python3.10/site-packages/airflow/api_internal/internal_api_call.py", line 139, in wrapper
    return func(*args, **kwargs)
  File "/home/isi/miniconda3/envs/clean_env/lib/python3.10/site-packages/airflow/utils/session.py", line 94, in wrapper
    return func(*args, **kwargs)
  File "/home/isi/miniconda3/envs/clean_env/lib/python3.10/site-packages/airflow/models/xcom.py", line 249, in set
    value = cls.serialize_value(
  File "/home/isi/miniconda3/envs/clean_env/lib/python3.10/site-packages/airflow/models/xcom.py", line 688, in serialize_value
    return json.dumps(value, cls=XComEncoder).encode("UTF-8")
  File "/home/isi/miniconda3/envs/clean_env/lib/python3.10/json/__init__.py", line 238, in dumps
    **kw).encode(obj)
  File "/home/isi/miniconda3/envs/clean_env/lib/python3.10/site-packages/airflow/utils/json.py", line 105, in encode
    return super().encode(o)
  File "/home/isi/miniconda3/envs/clean_env/lib/python3.10/json/encoder.py", line 199, in encode
    chunks = self.iterencode(o, _one_shot=True)
  File "/home/isi/miniconda3/envs/clean_env/lib/python3.10/json/encoder.py", line 257, in iterencode
    return _iterencode(o, 0)
  File "/home/isi/miniconda3/envs/clean_env/lib/python3.10/site-packages/airflow/utils/json.py", line 94, in default
    return super().default(o)
  File "/home/isi/miniconda3/envs/clean_env/lib/python3.10/json/encoder.py", line 179, in default
    raise TypeError(f'Object of type {o.__class__.__name__} '
TypeError: Object of type VotingClassifier is not JSON serializable
[2024-09-27T14:26:22.172+0200] {standard_task_runner.py:124} ERROR - Failed to execute job 12 for task load_model_task (Object of type VotingClassifier is not JSON serializable; 91483)
Traceback (most recent call last):
  File "/home/isi/miniconda3/envs/clean_env/lib/python3.10/site-packages/airflow/utils/json.py", line 92, in default
    return serialize(o)
  File "/home/isi/miniconda3/envs/clean_env/lib/python3.10/site-packages/airflow/serialization/serde.py", line 190, in serialize
    raise TypeError(f"cannot serialize object of type {cls}")
TypeError: cannot serialize object of type <class 'sklearn.ensemble._voting.VotingClassifier'>

During handling of the above exception, another exception occurred:

Traceback (most recent call last):
  File "/home/isi/miniconda3/envs/clean_env/lib/python3.10/site-packages/airflow/task/task_runner/standard_task_runner.py", line 117, in _start_by_fork
    ret = args.func(args, dag=self.dag)
  File "/home/isi/miniconda3/envs/clean_env/lib/python3.10/site-packages/airflow/cli/cli_config.py", line 49, in command
    return func(*args, **kwargs)
  File "/home/isi/miniconda3/envs/clean_env/lib/python3.10/site-packages/airflow/utils/cli.py", line 115, in wrapper
    return f(*args, **kwargs)
  File "/home/isi/miniconda3/envs/clean_env/lib/python3.10/site-packages/airflow/cli/commands/task_command.py", line 483, in task_run
    task_return_code = _run_task_by_selected_method(args, _dag, ti)
  File "/home/isi/miniconda3/envs/clean_env/lib/python3.10/site-packages/airflow/cli/commands/task_command.py", line 256, in _run_task_by_selected_method
    return _run_raw_task(args, ti)
  File "/home/isi/miniconda3/envs/clean_env/lib/python3.10/site-packages/airflow/cli/commands/task_command.py", line 341, in _run_raw_task
    return ti._run_raw_task(
  File "/home/isi/miniconda3/envs/clean_env/lib/python3.10/site-packages/airflow/utils/session.py", line 97, in wrapper
    return func(*args, session=session, **kwargs)
  File "/home/isi/miniconda3/envs/clean_env/lib/python3.10/site-packages/airflow/models/taskinstance.py", line 3004, in _run_raw_task
    return _run_raw_task(
  File "/home/isi/miniconda3/envs/clean_env/lib/python3.10/site-packages/airflow/models/taskinstance.py", line 273, in _run_raw_task
    TaskInstance._execute_task_with_callbacks(
  File "/home/isi/miniconda3/envs/clean_env/lib/python3.10/site-packages/airflow/models/taskinstance.py", line 3158, in _execute_task_with_callbacks
    result = self._execute_task(context, task_orig)
  File "/home/isi/miniconda3/envs/clean_env/lib/python3.10/site-packages/airflow/models/taskinstance.py", line 3182, in _execute_task
    return _execute_task(self, context, task_orig)
  File "/home/isi/miniconda3/envs/clean_env/lib/python3.10/site-packages/airflow/models/taskinstance.py", line 767, in _execute_task
    result = _execute_callable(context=context, **execute_callable_kwargs)
  File "/home/isi/miniconda3/envs/clean_env/lib/python3.10/site-packages/airflow/models/taskinstance.py", line 733, in _execute_callable
    return ExecutionCallableRunner(
  File "/home/isi/miniconda3/envs/clean_env/lib/python3.10/site-packages/airflow/utils/operator_helpers.py", line 252, in run
    return self.func(*args, **kwargs)
  File "/home/isi/miniconda3/envs/clean_env/lib/python3.10/site-packages/airflow/models/baseoperator.py", line 406, in wrapper
    return func(self, *args, **kwargs)
  File "/home/isi/miniconda3/envs/clean_env/lib/python3.10/site-packages/airflow/operators/python.py", line 238, in execute
    return_value = self.execute_callable()
  File "/home/isi/miniconda3/envs/clean_env/lib/python3.10/site-packages/airflow/operators/python.py", line 256, in execute_callable
    return runner.run(*self.op_args, **self.op_kwargs)
  File "/home/isi/miniconda3/envs/clean_env/lib/python3.10/site-packages/airflow/utils/operator_helpers.py", line 252, in run
    return self.func(*args, **kwargs)
  File "/home/isi/Desktop/LFB/AUG24-BMLOPS-INT-LFB/airflow/dags/predict_model_dag.py", line 51, in load_model
    ti.xcom_push(key='model', value=model)
  File "/home/isi/miniconda3/envs/clean_env/lib/python3.10/site-packages/airflow/utils/session.py", line 97, in wrapper
    return func(*args, session=session, **kwargs)
  File "/home/isi/miniconda3/envs/clean_env/lib/python3.10/site-packages/airflow/models/taskinstance.py", line 3638, in xcom_push
    XCom.set(
  File "/home/isi/miniconda3/envs/clean_env/lib/python3.10/site-packages/airflow/api_internal/internal_api_call.py", line 139, in wrapper
    return func(*args, **kwargs)
  File "/home/isi/miniconda3/envs/clean_env/lib/python3.10/site-packages/airflow/utils/session.py", line 94, in wrapper
    return func(*args, **kwargs)
  File "/home/isi/miniconda3/envs/clean_env/lib/python3.10/site-packages/airflow/models/xcom.py", line 249, in set
    value = cls.serialize_value(
  File "/home/isi/miniconda3/envs/clean_env/lib/python3.10/site-packages/airflow/models/xcom.py", line 688, in serialize_value
    return json.dumps(value, cls=XComEncoder).encode("UTF-8")
  File "/home/isi/miniconda3/envs/clean_env/lib/python3.10/json/__init__.py", line 238, in dumps
    **kw).encode(obj)
  File "/home/isi/miniconda3/envs/clean_env/lib/python3.10/site-packages/airflow/utils/json.py", line 105, in encode
    return super().encode(o)
  File "/home/isi/miniconda3/envs/clean_env/lib/python3.10/json/encoder.py", line 199, in encode
    chunks = self.iterencode(o, _one_shot=True)
  File "/home/isi/miniconda3/envs/clean_env/lib/python3.10/json/encoder.py", line 257, in iterencode
    return _iterencode(o, 0)
  File "/home/isi/miniconda3/envs/clean_env/lib/python3.10/site-packages/airflow/utils/json.py", line 94, in default
    return super().default(o)
  File "/home/isi/miniconda3/envs/clean_env/lib/python3.10/json/encoder.py", line 179, in default
    raise TypeError(f'Object of type {o.__class__.__name__} '
TypeError: Object of type VotingClassifier is not JSON serializable
